Analysis & Synthesis report for REGS
Wed Nov 13 13:53:30 2019
Quartus Prime Version 18.1.0 Build 625 09/12/2018 SJ Lite Edition


---------------------
; Table of Contents ;
---------------------
  1. Legal Notice
  2. Analysis & Synthesis Summary
  3. Analysis & Synthesis Settings
  4. Parallel Compilation
  5. Analysis & Synthesis Source Files Read
  6. Analysis & Synthesis Resource Usage Summary
  7. Analysis & Synthesis Resource Utilization by Entity
  8. User-Specified and Inferred Latches
  9. General Register Statistics
 10. Multiplexer Restructuring Statistics (Restructuring Performed)
 11. Post-Synthesis Netlist Statistics for Top Partition
 12. Elapsed Time Per Partition
 13. Analysis & Synthesis Messages



----------------
; Legal Notice ;
----------------
Copyright (C) 2018  Intel Corporation. All rights reserved.
Your use of Intel Corporation's design tools, logic functions 
and other software and tools, and its AMPP partner logic 
functions, and any output files from any of the foregoing 
(including device programming or simulation files), and any 
associated documentation or information are expressly subject 
to the terms and conditions of the Intel Program License 
Subscription Agreement, the Intel Quartus Prime License Agreement,
the Intel FPGA IP License Agreement, or other applicable license
agreement, including, without limitation, that your use is for
the sole purpose of programming logic devices manufactured by
Intel and sold by Intel or its authorized distributors.  Please
refer to the applicable agreement for further details.



+----------------------------------------------------------------------------------+
; Analysis & Synthesis Summary                                                     ;
+------------------------------------+---------------------------------------------+
; Analysis & Synthesis Status        ; Successful - Wed Nov 13 13:53:30 2019       ;
; Quartus Prime Version              ; 18.1.0 Build 625 09/12/2018 SJ Lite Edition ;
; Revision Name                      ; REGS                                        ;
; Top-level Entity Name              ; REGS                                        ;
; Family                             ; Cyclone IV E                                ;
; Total logic elements               ; 44                                          ;
;     Total combinational functions  ; 44                                          ;
;     Dedicated logic registers      ; 24                                          ;
; Total registers                    ; 24                                          ;
; Total pins                         ; 13                                          ;
; Total virtual pins                 ; 0                                           ;
; Total memory bits                  ; 0                                           ;
; Embedded Multiplier 9-bit elements ; 0                                           ;
; Total PLLs                         ; 0                                           ;
+------------------------------------+---------------------------------------------+


+------------------------------------------------------------------------------------------------------------+
; Analysis & Synthesis Settings                                                                              ;
+------------------------------------------------------------------+--------------------+--------------------+
; Option                                                           ; Setting            ; Default Value      ;
+------------------------------------------------------------------+--------------------+--------------------+
; Device                                                           ; EP4CE22F17C6       ;                    ;
; Top-level entity name                                            ; REGS               ; REGS               ;
; Family name                                                      ; Cyclone IV E       ; Cyclone V          ;
; Use smart compilation                                            ; Off                ; Off                ;
; Enable parallel Assembler and Timing Analyzer during compilation ; On                 ; On                 ;
; Enable compact report table                                      ; Off                ; Off                ;
; Restructure Multiplexers                                         ; Auto               ; Auto               ;
; Create Debugging Nodes for IP Cores                              ; Off                ; Off                ;
; Preserve fewer node names                                        ; On                 ; On                 ;
; Intel FPGA IP Evaluation Mode                                    ; Enable             ; Enable             ;
; Verilog Version                                                  ; Verilog_2001       ; Verilog_2001       ;
; VHDL Version                                                     ; VHDL_1993          ; VHDL_1993          ;
; State Machine Processing                                         ; Auto               ; Auto               ;
; Safe State Machine                                               ; Off                ; Off                ;
; Extract Verilog State Machines                                   ; On                 ; On                 ;
; Extract VHDL State Machines                                      ; On                 ; On                 ;
; Ignore Verilog initial constructs                                ; Off                ; Off                ;
; Iteration limit for constant Verilog loops                       ; 5000               ; 5000               ;
; Iteration limit for non-constant Verilog loops                   ; 250                ; 250                ;
; Add Pass-Through Logic to Inferred RAMs                          ; On                 ; On                 ;
; Infer RAMs from Raw Logic                                        ; On                 ; On                 ;
; Parallel Synthesis                                               ; On                 ; On                 ;
; DSP Block Balancing                                              ; Auto               ; Auto               ;
; NOT Gate Push-Back                                               ; On                 ; On                 ;
; Power-Up Don't Care                                              ; On                 ; On                 ;
; Remove Redundant Logic Cells                                     ; Off                ; Off                ;
; Remove Duplicate Registers                                       ; On                 ; On                 ;
; Ignore CARRY Buffers                                             ; Off                ; Off                ;
; Ignore CASCADE Buffers                                           ; Off                ; Off                ;
; Ignore GLOBAL Buffers                                            ; Off                ; Off                ;
; Ignore ROW GLOBAL Buffers                                        ; Off                ; Off                ;
; Ignore LCELL Buffers                                             ; Off                ; Off                ;
; Ignore SOFT Buffers                                              ; On                 ; On                 ;
; Limit AHDL Integers to 32 Bits                                   ; Off                ; Off                ;
; Optimization Technique                                           ; Balanced           ; Balanced           ;
; Carry Chain Length                                               ; 70                 ; 70                 ;
; Auto Carry Chains                                                ; On                 ; On                 ;
; Auto Open-Drain Pins                                             ; On                 ; On                 ;
; Perform WYSIWYG Primitive Resynthesis                            ; Off                ; Off                ;
; Auto ROM Replacement                                             ; On                 ; On                 ;
; Auto RAM Replacement                                             ; On                 ; On                 ;
; Auto DSP Block Replacement                                       ; On                 ; On                 ;
; Auto Shift Register Replacement                                  ; Auto               ; Auto               ;
; Allow Shift Register Merging across Hierarchies                  ; Auto               ; Auto               ;
; Auto Clock Enable Replacement                                    ; On                 ; On                 ;
; Strict RAM Replacement                                           ; Off                ; Off                ;
; Allow Synchronous Control Signals                                ; On                 ; On                 ;
; Force Use of Synchronous Clear Signals                           ; Off                ; Off                ;
; Auto RAM Block Balancing                                         ; On                 ; On                 ;
; Auto RAM to Logic Cell Conversion                                ; Off                ; Off                ;
; Auto Resource Sharing                                            ; Off                ; Off                ;
; Allow Any RAM Size For Recognition                               ; Off                ; Off                ;
; Allow Any ROM Size For Recognition                               ; Off                ; Off                ;
; Allow Any Shift Register Size For Recognition                    ; Off                ; Off                ;
; Use LogicLock Constraints during Resource Balancing              ; On                 ; On                 ;
; Ignore translate_off and synthesis_off directives                ; Off                ; Off                ;
; Timing-Driven Synthesis                                          ; On                 ; On                 ;
; Report Parameter Settings                                        ; On                 ; On                 ;
; Report Source Assignments                                        ; On                 ; On                 ;
; Report Connectivity Checks                                       ; On                 ; On                 ;
; Ignore Maximum Fan-Out Assignments                               ; Off                ; Off                ;
; Synchronization Register Chain Length                            ; 2                  ; 2                  ;
; Power Optimization During Synthesis                              ; Normal compilation ; Normal compilation ;
; HDL message level                                                ; Level2             ; Level2             ;
; Suppress Register Optimization Related Messages                  ; Off                ; Off                ;
; Number of Removed Registers Reported in Synthesis Report         ; 5000               ; 5000               ;
; Number of Swept Nodes Reported in Synthesis Report               ; 5000               ; 5000               ;
; Number of Inverted Registers Reported in Synthesis Report        ; 100                ; 100                ;
; Clock MUX Protection                                             ; On                 ; On                 ;
; Auto Gated Clock Conversion                                      ; Off                ; Off                ;
; Block Design Naming                                              ; Auto               ; Auto               ;
; SDC constraint protection                                        ; Off                ; Off                ;
; Synthesis Effort                                                 ; Auto               ; Auto               ;
; Shift Register Replacement - Allow Asynchronous Clear Signal     ; On                 ; On                 ;
; Pre-Mapping Resynthesis Optimization                             ; Off                ; Off                ;
; Analysis & Synthesis Message Level                               ; Medium             ; Medium             ;
; Disable Register Merging Across Hierarchies                      ; Auto               ; Auto               ;
; Resource Aware Inference For Block RAM                           ; On                 ; On                 ;
+------------------------------------------------------------------+--------------------+--------------------+


+------------------------------------------+
; Parallel Compilation                     ;
+----------------------------+-------------+
; Processors                 ; Number      ;
+----------------------------+-------------+
; Number detected on machine ; 8           ;
; Maximum allowed            ; 4           ;
;                            ;             ;
; Average used               ; 1.00        ;
; Maximum used               ; 4           ;
;                            ;             ;
; Usage by Processor         ; % Time Used ;
;     Processor 1            ; 100.0%      ;
;     Processors 2-4         ;   0.0%      ;
+----------------------------+-------------+


+-------------------------------------------------------------------------------------------------------------------------------------+
; Analysis & Synthesis Source Files Read                                                                                              ;
+----------------------------------+-----------------+-----------------+----------------------------------------------------+---------+
; File Name with User-Entered Path ; Used in Netlist ; File Type       ; File Name with Absolute Path                       ; Library ;
+----------------------------------+-----------------+-----------------+----------------------------------------------------+---------+
; REGS.vhd                         ; yes             ; User VHDL File  ; C:/Users/Michael Pass/Quartus Prime/Lab09/REGS.vhd ;         ;
+----------------------------------+-----------------+-----------------+----------------------------------------------------+---------+


+---------------------------------------------------------+
; Analysis & Synthesis Resource Usage Summary             ;
+---------------------------------------------+-----------+
; Resource                                    ; Usage     ;
+---------------------------------------------+-----------+
; Estimated Total logic elements              ; 44        ;
;                                             ;           ;
; Total combinational functions               ; 44        ;
; Logic element usage by number of LUT inputs ;           ;
;     -- 4 input functions                    ; 9         ;
;     -- 3 input functions                    ; 30        ;
;     -- <=2 input functions                  ; 5         ;
;                                             ;           ;
; Logic elements by mode                      ;           ;
;     -- normal mode                          ; 37        ;
;     -- arithmetic mode                      ; 7         ;
;                                             ;           ;
; Total registers                             ; 24        ;
;     -- Dedicated logic registers            ; 24        ;
;     -- I/O registers                        ; 0         ;
;                                             ;           ;
; I/O pins                                    ; 13        ;
;                                             ;           ;
; Embedded Multiplier 9-bit elements          ; 0         ;
;                                             ;           ;
; Maximum fan-out node                        ; clk~input ;
; Maximum fan-out                             ; 24        ;
; Total fan-out                               ; 228       ;
; Average fan-out                             ; 2.43      ;
+---------------------------------------------+-----------+


+----------------------------------------------------------------------------------------------------------------------------------------------------------------------------------------------------------+
; Analysis & Synthesis Resource Utilization by Entity                                                                                                                                                      ;
+----------------------------+---------------------+---------------------------+-------------+--------------+---------+-----------+------+--------------+---------------------+-------------+--------------+
; Compilation Hierarchy Node ; Combinational ALUTs ; Dedicated Logic Registers ; Memory Bits ; DSP Elements ; DSP 9x9 ; DSP 18x18 ; Pins ; Virtual Pins ; Full Hierarchy Name ; Entity Name ; Library Name ;
+----------------------------+---------------------+---------------------------+-------------+--------------+---------+-----------+------+--------------+---------------------+-------------+--------------+
; |REGS                      ; 44 (44)             ; 24 (24)                   ; 0           ; 0            ; 0       ; 0         ; 13   ; 0            ; |REGS               ; REGS        ; work         ;
+----------------------------+---------------------+---------------------------+-------------+--------------+---------+-----------+------+--------------+---------------------+-------------+--------------+
Note: For table entries with two numbers listed, the numbers in parentheses indicate the number of resources of the given type used by the specific entity alone. The numbers listed outside of parentheses indicate the total resources of the given type used by the specific entity and all of its sub-entities in the hierarchy.


+---------------------------------------------------------------------------------------------------+
; User-Specified and Inferred Latches                                                               ;
+----------------------------------------------------+---------------------+------------------------+
; Latch Name                                         ; Latch Enable Signal ; Free of Timing Hazards ;
+----------------------------------------------------+---------------------+------------------------+
; rdout[0]$latch                                     ; SW0                 ; yes                    ;
; rdout[1]$latch                                     ; SW0                 ; yes                    ;
; rdout[2]$latch                                     ; SW0                 ; yes                    ;
; rdout[3]$latch                                     ; SW0                 ; yes                    ;
; rdout[4]$latch                                     ; SW0                 ; yes                    ;
; rdout[5]$latch                                     ; SW0                 ; yes                    ;
; rdout[6]$latch                                     ; SW0                 ; yes                    ;
; rdout[7]$latch                                     ; SW0                 ; yes                    ;
; Number of user-specified and inferred latches = 8  ;                     ;                        ;
+----------------------------------------------------+---------------------+------------------------+
Note: All latches listed above may not be present at the end of synthesis due to various synthesis optimizations.


+------------------------------------------------------+
; General Register Statistics                          ;
+----------------------------------------------+-------+
; Statistic                                    ; Value ;
+----------------------------------------------+-------+
; Total registers                              ; 24    ;
; Number of registers using Synchronous Clear  ; 8     ;
; Number of registers using Synchronous Load   ; 0     ;
; Number of registers using Asynchronous Clear ; 0     ;
; Number of registers using Asynchronous Load  ; 0     ;
; Number of registers using Clock Enable       ; 15    ;
; Number of registers using Preset             ; 0     ;
+----------------------------------------------+-------+


+------------------------------------------------------------------------------------------------------------------------------------------+
; Multiplexer Restructuring Statistics (Restructuring Performed)                                                                           ;
+--------------------+-----------+---------------+----------------------+------------------------+------------+----------------------------+
; Multiplexer Inputs ; Bus Width ; Baseline Area ; Area if Restructured ; Saving if Restructured ; Registered ; Example Multiplexer Output ;
+--------------------+-----------+---------------+----------------------+------------------------+------------+----------------------------+
; 4:1                ; 7 bits    ; 14 LEs        ; 14 LEs               ; 0 LEs                  ; Yes        ; |REGS|preg[0]              ;
; 3:1                ; 8 bits    ; 16 LEs        ; 8 LEs                ; 8 LEs                  ; Yes        ; |REGS|creg[0]              ;
; 3:1                ; 8 bits    ; 16 LEs        ; 16 LEs               ; 0 LEs                  ; No         ; |REGS|rdout[0]             ;
+--------------------+-----------+---------------+----------------------+------------------------+------------+----------------------------+


+-----------------------------------------------------+
; Post-Synthesis Netlist Statistics for Top Partition ;
+-----------------------+-----------------------------+
; Type                  ; Count                       ;
+-----------------------+-----------------------------+
; boundary_port         ; 13                          ;
; cycloneiii_ff         ; 24                          ;
;     ENA               ; 7                           ;
;     ENA SCLR          ; 8                           ;
;     plain             ; 9                           ;
; cycloneiii_lcell_comb ; 44                          ;
;     arith             ; 7                           ;
;         2 data inputs ; 1                           ;
;         3 data inputs ; 6                           ;
;     normal            ; 37                          ;
;         2 data inputs ; 4                           ;
;         3 data inputs ; 24                          ;
;         4 data inputs ; 9                           ;
;                       ;                             ;
; Max LUT depth         ; 2.60                        ;
; Average LUT depth     ; 1.69                        ;
+-----------------------+-----------------------------+


+-------------------------------+
; Elapsed Time Per Partition    ;
+----------------+--------------+
; Partition Name ; Elapsed Time ;
+----------------+--------------+
; Top            ; 00:00:00     ;
+----------------+--------------+


+-------------------------------+
; Analysis & Synthesis Messages ;
+-------------------------------+
Info: *******************************************************************
Info: Running Quartus Prime Analysis & Synthesis
    Info: Version 18.1.0 Build 625 09/12/2018 SJ Lite Edition
    Info: Processing started: Wed Nov 13 13:53:17 2019
Info: Command: quartus_map --read_settings_files=on --write_settings_files=off Lab09 -c REGS
Warning (18236): Number of processors has not been specified which may cause overloading on shared machines.  Set the global assignment NUM_PARALLEL_PROCESSORS in your QSF to an appropriate value for best performance.
Info (20030): Parallel compilation is enabled and will use 4 of the 4 processors detected
Info (12021): Found 31 design units, including 15 entities, in source file basic_gates.vhd
    Info (12022): Found design unit 1: BASIC_GATES File: C:/Users/Michael Pass/Quartus Prime/Lab09/basic_gates.vhd Line: 11
    Info (12022): Found design unit 2: NOT_OP-BASIC_ARCH File: C:/Users/Michael Pass/Quartus Prime/Lab09/basic_gates.vhd Line: 87
    Info (12022): Found design unit 3: AND2_OP-BASIC_ARCH File: C:/Users/Michael Pass/Quartus Prime/Lab09/basic_gates.vhd Line: 103
    Info (12022): Found design unit 4: AND3_OP-BASIC_ARCH File: C:/Users/Michael Pass/Quartus Prime/Lab09/basic_gates.vhd Line: 119
    Info (12022): Found design unit 5: AND4_OP-BASIC_ARCH File: C:/Users/Michael Pass/Quartus Prime/Lab09/basic_gates.vhd Line: 135
    Info (12022): Found design unit 6: OR2_OP-BASIC_ARCH File: C:/Users/Michael Pass/Quartus Prime/Lab09/basic_gates.vhd Line: 151
    Info (12022): Found design unit 7: OR3_OP-BASIC_ARCH File: C:/Users/Michael Pass/Quartus Prime/Lab09/basic_gates.vhd Line: 167
    Info (12022): Found design unit 8: OR4_OP-BASIC_ARCH File: C:/Users/Michael Pass/Quartus Prime/Lab09/basic_gates.vhd Line: 183
    Info (12022): Found design unit 9: NAND2_OP-BASIC_ARCH File: C:/Users/Michael Pass/Quartus Prime/Lab09/basic_gates.vhd Line: 199
    Info (12022): Found design unit 10: NAND3_OP-BASIC_ARCH File: C:/Users/Michael Pass/Quartus Prime/Lab09/basic_gates.vhd Line: 215
    Info (12022): Found design unit 11: NAND4_OP-BASIC_ARCH File: C:/Users/Michael Pass/Quartus Prime/Lab09/basic_gates.vhd Line: 231
    Info (12022): Found design unit 12: NOR2_OP-BASIC_ARCH File: C:/Users/Michael Pass/Quartus Prime/Lab09/basic_gates.vhd Line: 247
    Info (12022): Found design unit 13: NOR3_OP-BASIC_ARCH File: C:/Users/Michael Pass/Quartus Prime/Lab09/basic_gates.vhd Line: 263
    Info (12022): Found design unit 14: NOR4_OP-BASIC_ARCH File: C:/Users/Michael Pass/Quartus Prime/Lab09/basic_gates.vhd Line: 279
    Info (12022): Found design unit 15: XOR2_OP-BASIC_ARCH File: C:/Users/Michael Pass/Quartus Prime/Lab09/basic_gates.vhd Line: 295
    Info (12022): Found design unit 16: XNOR2_OP-BASIC_ARCH File: C:/Users/Michael Pass/Quartus Prime/Lab09/basic_gates.vhd Line: 311
    Info (12023): Found entity 1: NOT_OP File: C:/Users/Michael Pass/Quartus Prime/Lab09/basic_gates.vhd Line: 81
    Info (12023): Found entity 2: AND2_OP File: C:/Users/Michael Pass/Quartus Prime/Lab09/basic_gates.vhd Line: 97
    Info (12023): Found entity 3: AND3_OP File: C:/Users/Michael Pass/Quartus Prime/Lab09/basic_gates.vhd Line: 113
    Info (12023): Found entity 4: AND4_OP File: C:/Users/Michael Pass/Quartus Prime/Lab09/basic_gates.vhd Line: 129
    Info (12023): Found entity 5: OR2_OP File: C:/Users/Michael Pass/Quartus Prime/Lab09/basic_gates.vhd Line: 145
    Info (12023): Found entity 6: OR3_OP File: C:/Users/Michael Pass/Quartus Prime/Lab09/basic_gates.vhd Line: 161
    Info (12023): Found entity 7: OR4_OP File: C:/Users/Michael Pass/Quartus Prime/Lab09/basic_gates.vhd Line: 177
    Info (12023): Found entity 8: NAND2_OP File: C:/Users/Michael Pass/Quartus Prime/Lab09/basic_gates.vhd Line: 193
    Info (12023): Found entity 9: NAND3_OP File: C:/Users/Michael Pass/Quartus Prime/Lab09/basic_gates.vhd Line: 209
    Info (12023): Found entity 10: NAND4_OP File: C:/Users/Michael Pass/Quartus Prime/Lab09/basic_gates.vhd Line: 225
    Info (12023): Found entity 11: NOR2_OP File: C:/Users/Michael Pass/Quartus Prime/Lab09/basic_gates.vhd Line: 241
    Info (12023): Found entity 12: NOR3_OP File: C:/Users/Michael Pass/Quartus Prime/Lab09/basic_gates.vhd Line: 257
    Info (12023): Found entity 13: NOR4_OP File: C:/Users/Michael Pass/Quartus Prime/Lab09/basic_gates.vhd Line: 273
    Info (12023): Found entity 14: XOR2_OP File: C:/Users/Michael Pass/Quartus Prime/Lab09/basic_gates.vhd Line: 289
    Info (12023): Found entity 15: XNOR2_OP File: C:/Users/Michael Pass/Quartus Prime/Lab09/basic_gates.vhd Line: 305
Info (12021): Found 2 design units, including 1 entities, in source file regs.vhd
    Info (12022): Found design unit 1: REGS-BEHAVIORAL File: C:/Users/Michael Pass/Quartus Prime/Lab09/REGS.vhd Line: 16
    Info (12023): Found entity 1: REGS File: C:/Users/Michael Pass/Quartus Prime/Lab09/REGS.vhd Line: 7
Info (12127): Elaborating entity "REGS" for the top level hierarchy
Info (10041): Inferred latch for "rdout[0]" at REGS.vhd(103) File: C:/Users/Michael Pass/Quartus Prime/Lab09/REGS.vhd Line: 103
Info (10041): Inferred latch for "rdout[1]" at REGS.vhd(103) File: C:/Users/Michael Pass/Quartus Prime/Lab09/REGS.vhd Line: 103
Info (10041): Inferred latch for "rdout[2]" at REGS.vhd(103) File: C:/Users/Michael Pass/Quartus Prime/Lab09/REGS.vhd Line: 103
Info (10041): Inferred latch for "rdout[3]" at REGS.vhd(103) File: C:/Users/Michael Pass/Quartus Prime/Lab09/REGS.vhd Line: 103
Info (10041): Inferred latch for "rdout[4]" at REGS.vhd(103) File: C:/Users/Michael Pass/Quartus Prime/Lab09/REGS.vhd Line: 103
Info (10041): Inferred latch for "rdout[5]" at REGS.vhd(103) File: C:/Users/Michael Pass/Quartus Prime/Lab09/REGS.vhd Line: 103
Info (10041): Inferred latch for "rdout[6]" at REGS.vhd(103) File: C:/Users/Michael Pass/Quartus Prime/Lab09/REGS.vhd Line: 103
Info (10041): Inferred latch for "rdout[7]" at REGS.vhd(103) File: C:/Users/Michael Pass/Quartus Prime/Lab09/REGS.vhd Line: 103
Info (286030): Timing-Driven Synthesis is running
Info (16010): Generating hard_block partition "hard_block:auto_generated_inst"
    Info (16011): Adding 0 node(s), including 0 DDIO, 0 PLL, 0 transceiver and 0 LCELL
Info (21057): Implemented 57 device resources after synthesis - the final resource count might be different
    Info (21058): Implemented 5 input pins
    Info (21059): Implemented 8 output pins
    Info (21061): Implemented 44 logic cells
Info: Quartus Prime Analysis & Synthesis was successful. 0 errors, 1 warning
    Info: Peak virtual memory: 4791 megabytes
    Info: Processing ended: Wed Nov 13 13:53:30 2019
    Info: Elapsed time: 00:00:13
    Info: Total CPU time (on all processors): 00:00:26


